[     724ms] [LOG] [Fast Refresh] rebuilding @ webpack-internal:///(app-pages-browser)/../../node_modules/.pnpm/next@15.5.15_@playwright+test@1.59.1_react-dom@19.2.5_react@19.2.5__react@19.2.5/node_modules/next/dist/client/dev/hot-reloader/app/hot-reloader-app.js:196
[    1256ms] [LOG] [Fast Refresh] done in 535ms @ webpack-internal:///(app-pages-browser)/../../node_modules/.pnpm/next@15.5.15_@playwright+test@1.59.1_react-dom@19.2.5_react@19.2.5__react@19.2.5/node_modules/next/dist/client/dev/report-hmr-latency.js:13
[    1847ms] [VERBOSE] [DOM] Input elements should have autocomplete attributes (suggested: "current-password"): (More info: https://goo.gl/9p2vKq) %o @ http://localhost:3000/signup:0
[    3430ms] [INFO] %cDownload the React DevTools for a better development experience: https://react.dev/link/react-devtools font-weight:bold @ webpack-internal:///(app-pages-browser)/../../node_modules/.pnpm/next@15.5.15_@playwright+test@1.59.1_react-dom@19.2.5_react@19.2.5__react@19.2.5/node_modules/next/dist/compiled/react-dom/cjs/react-dom-client.development.js:25630
[   31453ms] [LOG] [Fast Refresh] rebuilding @ webpack-internal:///(app-pages-browser)/../../node_modules/.pnpm/next@15.5.15_@playwright+test@1.59.1_react-dom@19.2.5_react@19.2.5__react@19.2.5/node_modules/next/dist/client/dev/hot-reloader/app/hot-reloader-app.js:196
[   33730ms] [LOG] [Fast Refresh] done in 2278ms @ webpack-internal:///(app-pages-browser)/../../node_modules/.pnpm/next@15.5.15_@playwright+test@1.59.1_react-dom@19.2.5_react@19.2.5__react@19.2.5/node_modules/next/dist/client/dev/report-hmr-latency.js:13
[   39167ms] [LOG] [Fast Refresh] rebuilding @ webpack-internal:///(app-pages-browser)/../../node_modules/.pnpm/next@15.5.15_@playwright+test@1.59.1_react-dom@19.2.5_react@19.2.5__react@19.2.5/node_modules/next/dist/client/dev/hot-reloader/app/hot-reloader-app.js:196
[   40489ms] [WARNING] [Fast Refresh] performing full reload

Fast Refresh will perform a full reload when you edit a file that's imported by modules outside of the React rendering tree.
You might have a file which exports a React component but also exports a value that is imported by a non-React component file.
Consider migrating the non-React component export to a separate file and importing it into both files.

It is also possible the parent component of the component you edited is a class component, which disables Fast Refresh.
Fast Refresh requires at least one parent function component in your React tree. @ webpack-internal:///(app-pages-browser)/../../node_modules/.pnpm/next@15.5.15_@playwright+test@1.59.1_react-dom@19.2.5_react@19.2.5__react@19.2.5/node_modules/next/dist/client/dev/hot-reloader/app/hot-reloader-app.js:111
[   40520ms] [LOG] [Fast Refresh] rebuilding @ webpack-internal:///(app-pages-browser)/../../node_modules/.pnpm/next@15.5.15_@playwright+test@1.59.1_react-dom@19.2.5_react@19.2.5__react@19.2.5/node_modules/next/dist/client/dev/hot-reloader/app/hot-reloader-app.js:196
[   46935ms] [LOG] [Fast Refresh] done in 6416ms @ webpack-internal:///(app-pages-browser)/../../node_modules/.pnpm/next@15.5.15_@playwright+test@1.59.1_react-dom@19.2.5_react@19.2.5__react@19.2.5/node_modules/next/dist/client/dev/report-hmr-latency.js:13
[   51248ms] [LOG] [Fast Refresh] rebuilding @ webpack-internal:///(app-pages-browser)/../../node_modules/.pnpm/next@15.5.15_@playwright+test@1.59.1_react-dom@19.2.5_react@19.2.5__react@19.2.5/node_modules/next/dist/client/dev/hot-reloader/app/hot-reloader-app.js:196
[   52659ms] [ERROR] ./components/ui/inline-confirmation.tsx
Error:   x You're importing a component that needs `useState`. This React Hook only works in a Client Component. To fix, mark the file (or its parent) with the `"use client"` directive.
  |
  |  Learn more: https://nextjs.org/docs/app/api-reference/directives/use-client
  |

   ,-[/Volumes/CrucialSSD/Projects/ComplianceOS/apps/web/components/ui/inline-confirmation.tsx:1:1]
 1 | import { ReactNode, useState } from 'react';
   :                     ^^^^^^^^
 2 | import { Button } from './button';
 3 | 
 4 | interface InlineConfirmationProps {
   `----

Import trace for requested module:
./components/ui/inline-confirmation.tsx
./components/ui/index.ts
./app/(auth)/layout.tsx @ webpack-internal:///(app-pages-browser)/../../node_modules/.pnpm/next@15.5.15_@playwright+test@1.59.1_react-dom@19.2.5_react@19.2.5__react@19.2.5/node_modules/next/dist/next-devtools/userspace/app/errors/intercept-console-error.js:56
[   52701ms] [LOG] {file: Object} @ webpack-internal:///(app-pages-browser)/../../node_modules/.pnpm/next@15.5.15_@playwright+test@1.59.1_react-dom@19.2.5_react@19.2.5__react@19.2.5/node_modules/next/dist/compiled/next-devtools/index.js:1630
[   56238ms] [ERROR] WebSocket connection to 'ws://localhost:3000/_next/webpack-hmr' failed:  @ webpack-internal:///(app-pages-browser)/../../node_modules/.pnpm/next@15.5.15_@playwright+test@1.59.1_react-dom@19.2.5_react@19.2.5__react@19.2.5/node_modules/next/dist/client/dev/hot-reloader/app/use-websocket.js:41
[   56244ms] [ERROR] Failed to fetch RSC payload for http://localhost:3000/signup. Falling back to browser navigation. TypeError: Failed to fetch
    at createFetch (webpack-internal:///(app-pages-browser)/../../node_modules/.pnpm/next@15.5.15_@playwright+test@1.59.1_react-dom@19.2.5_react@19.2.5__react@19.2.5/node_modules/next/dist/client/components/router-reducer/fetch-server-response.js:163:33)
    at fetchServerResponse (webpack-internal:///(app-pages-browser)/../../node_modules/.pnpm/next@15.5.15_@playwright+test@1.59.1_react-dom@19.2.5_react@19.2.5__react@19.2.5/node_modules/next/dist/client/components/router-reducer/fetch-server-response.js:88:27)
    at hmrRefreshReducerImpl (webpack-internal:///(app-pages-browser)/../../node_modules/.pnpm/next@15.5.15_@playwright+test@1.59.1_react-dom@19.2.5_react@19.2.5__react@19.2.5/node_modules/next/dist/client/components/router-reducer/reducers/hmr-refresh-reducer.js:34:67)
    at clientReducer (webpack-internal:///(app-pages-browser)/../../node_modules/.pnpm/next@15.5.15_@playwright+test@1.59.1_react-dom@19.2.5_react@19.2.5__react@19.2.5/node_modules/next/dist/client/components/router-reducer/router-reducer.js:41:65)
    at Object.action (webpack-internal:///(app-pages-browser)/../../node_modules/.pnpm/next@15.5.15_@playwright+test@1.59.1_react-dom@19.2.5_react@19.2.5__react@19.2.5/node_modules/next/dist/client/components/app-router-instance.js:156:55)
    at runAction (webpack-internal:///(app-pages-browser)/../../node_modules/.pnpm/next@15.5.15_@playwright+test@1.59.1_react-dom@19.2.5_react@19.2.5__react@19.2.5/node_modules/next/dist/client/components/app-router-instance.js:66:38)
    at dispatchAction (webpack-internal:///(app-pages-browser)/../../node_modules/.pnpm/next@15.5.15_@playwright+test@1.59.1_react-dom@19.2.5_react@19.2.5__react@19.2.5/node_modules/next/dist/client/components/app-router-instance.js:120:9)
    at Object.dispatch (webpack-internal:///(app-pages-browser)/../../node_modules/.pnpm/next@15.5.15_@playwright+test@1.59.1_react-dom@19.2.5_react@19.2.5__react@19.2.5/node_modules/next/dist/client/components/app-router-instance.js:154:40)
    at eval (webpack-internal:///(app-pages-browser)/../../node_modules/.pnpm/next@15.5.15_@playwright+test@1.59.1_react-dom@19.2.5_react@19.2.5__react@19.2.5/node_modules/next/dist/client/components/use-action-queue.js:55:29)
    at startTransition (webpack-internal:///(app-pages-browser)/../../node_modules/.pnpm/next@15.5.15_@playwright+test@1.59.1_react-dom@19.2.5_react@19.2.5__react@19.2.5/node_modules/next/dist/compiled/react-dom/cjs/react-dom-client.development.js:7968:27)
    at dispatch (webpack-internal:///(app-pages-browser)/../../node_modules/.pnpm/next@15.5.15_@playwright+test@1.59.1_react-dom@19.2.5_react@19.2.5__react@19.2.5/node_modules/next/dist/client/components/use-action-queue.js:54:13)
    at dispatchAppRouterAction (webpack-internal:///(app-pages-browser)/../../node_modules/.pnpm/next@15.5.15_@playwright+test@1.59.1_react-dom@19.2.5_react@19.2.5__react@19.2.5/node_modules/next/dist/client/components/use-action-queue.js:37:5)
    at eval (webpack-internal:///(app-pages-browser)/../../node_modules/.pnpm/next@15.5.15_@playwright+test@1.59.1_react-dom@19.2.5_react@19.2.5__react@19.2.5/node_modules/next/dist/client/components/app-router-instance.js:274:61)
    at exports.startTransition (webpack-internal:///(app-pages-browser)/../../node_modules/.pnpm/next@15.5.15_@playwright+test@1.59.1_react-dom@19.2.5_react@19.2.5__react@19.2.5/node_modules/next/dist/compiled/react/cjs/react.development.js:1150:27)
    at Object.hmrRefresh (webpack-internal:///(app-pages-browser)/../../node_modules/.pnpm/next@15.5.15_@playwright+test@1.59.1_react-dom@19.2.5_react@19.2.5__react@19.2.5/node_modules/next/dist/client/components/app-router-instance.js:273:40)
    at eval (webpack-internal:///(app-pages-browser)/../../node_modules/.pnpm/next@15.5.15_@playwright+test@1.59.1_react-dom@19.2.5_react@19.2.5__react@19.2.5/node_modules/next/dist/client/dev/hot-reloader/app/hot-reloader-app.js:298:28)
    at exports.startTransition (webpack-internal:///(app-pages-browser)/../../node_modules/.pnpm/next@15.5.15_@playwright+test@1.59.1_react-dom@19.2.5_react@19.2.5__react@19.2.5/node_modules/next/dist/compiled/react/cjs/react.development.js:1150:27)
    at processMessage (webpack-internal:///(app-pages-browser)/../../node_modules/.pnpm/next@15.5.15_@playwright+test@1.59.1_react-dom@19.2.5_react@19.2.5__react@19.2.5/node_modules/next/dist/client/dev/hot-reloader/app/hot-reloader-app.js:297:44)
    at WebSocket.handler (webpack-internal:///(app-pages-browser)/../../node_modules/.pnpm/next@15.5.15_@playwright+test@1.59.1_react-dom@19.2.5_react@19.2.5__react@19.2.5/node_modules/next/dist/client/dev/hot-reloader/app/hot-reloader-app.js:407:17) @ webpack-internal:///(app-pages-browser)/../../node_modules/.pnpm/next@15.5.15_@playwright+test@1.59.1_react-dom@19.2.5_react@19.2.5__react@19.2.5/node_modules/next/dist/next-devtools/userspace/app/errors/intercept-console-error.js:56
[   97115ms] [ERROR] Failed to load resource: the server responded with a status of 500 (Internal Server Error) @ http://localhost:3000/signup:0
[   98018ms] [INFO] %cDownload the React DevTools for a better development experience: https://react.dev/link/react-devtools font-weight:bold @ webpack-internal:///(pages-dir-browser)/../../node_modules/.pnpm/react-dom@19.2.5_react@19.2.5/node_modules/react-dom/cjs/react-dom-client.development.js:28004
[   98324ms] ModuleBuildError: Module build failed (from ../../node_modules/.pnpm/next@15.5.15_@playwright+test@1.59.1_react-dom@19.2.5_react@19.2.5__react@19.2.5/node_modules/next/dist/build/webpack/loaders/next-swc-loader.js):
Error:   x You're importing a component that needs `useState`. This React Hook only works in a Client Component. To fix, mark the file (or its parent) with the `"use client"` directive.
  |
  |  Learn more: https://nextjs.org/docs/app/api-reference/directives/use-client
  |

   ,-[/Volumes/CrucialSSD/Projects/ComplianceOS/apps/web/components/ui/inline-confirmation.tsx:1:1]
 1 | import { ReactNode, useState } from 'react';
   :                     ^^^^^^^^
 2 | import { Button } from './button';
 3 | 
 4 | interface InlineConfirmationProps {
   `----

    at processResult (file:///Volumes/CrucialSSD/Projects/ComplianceOS/node_modules/.pnpm/next@15.5.15_@playwright+test@1.59.1_react-dom@19.2.5_react@19.2.5__react@19.2.5/node_modules/next/dist/compiled/webpack/bundle5.js:29:407086)
    at <unknown> (file:///Volumes/CrucialSSD/Projects/ComplianceOS/node_modules/.pnpm/next@15.5.15_@playwright+test@1.59.1_react-dom@19.2.5_react@19.2.5__react@19.2.5/node_modules/next/dist/compiled/webpack/bundle5.js:29:408881)
    at <unknown> (file:///Volumes/CrucialSSD/Projects/ComplianceOS/node_modules/.pnpm/next@15.5.15_@playwright+test@1.59.1_react-dom@19.2.5_react@19.2.5__react@19.2.5/node_modules/next/dist/compiled/loader-runner/LoaderRunner.js:1:8645)
    at <unknown> (file:///Volumes/CrucialSSD/Projects/ComplianceOS/node_modules/.pnpm/next@15.5.15_@playwright+test@1.59.1_react-dom@19.2.5_react@19.2.5__react@19.2.5/node_modules/next/dist/compiled/loader-runner/LoaderRunner.js:1:5019)
    at r.callback (file:///Volumes/CrucialSSD/Projects/ComplianceOS/node_modules/.pnpm/next@15.5.15_@playwright+test@1.59.1_react-dom@19.2.5_react@19.2.5__react@19.2.5/node_modules/next/dist/compiled/loader-runner/LoaderRunner.js:1:4039)
[   98287ms] [LOG] [HMR] connected @ webpack-internal:///(pages-dir-browser)/../../node_modules/.pnpm/next@15.5.15_@playwright+test@1.59.1_react-dom@19.2.5_react@19.2.5__react@19.2.5/node_modules/next/dist/client/dev/hot-reloader/pages/websocket.js:45
[   98298ms] [ERROR] ./components/ui/inline-confirmation.tsx
Error:   x You're importing a component that needs `useState`. This React Hook only works in a Client Component. To fix, mark the file (or its parent) with the `"use client"` directive.
  |
  |  Learn more: https://nextjs.org/docs/app/api-reference/directives/use-client
  |

   ,-[/Volumes/CrucialSSD/Projects/ComplianceOS/apps/web/components/ui/inline-confirmation.tsx:1:1]
 1 | import { ReactNode, useState } from 'react';
   :                     ^^^^^^^^
 2 | import { Button } from './button';
 3 | 
 4 | interface InlineConfirmationProps {
   `---- @ webpack-internal:///(pages-dir-browser)/../../node_modules/.pnpm/next@15.5.15_@playwright+test@1.59.1_react-dom@19.2.5_react@19.2.5__react@19.2.5/node_modules/next/dist/next-devtools/userspace/pages/pages-dev-overlay-setup.js:76
[   98438ms] [LOG] {file: Object} @ webpack-internal:///(pages-dir-browser)/../../node_modules/.pnpm/next@15.5.15_@playwright+test@1.59.1_react-dom@19.2.5_react@19.2.5__react@19.2.5/node_modules/next/dist/compiled/next-devtools/index.js:1630
[  177159ms] [ERROR] WebSocket connection to 'ws://localhost:3000/_next/webpack-hmr' failed: Error in connection establishment: net::ERR_CONNECTION_REFUSED @ webpack-internal:///(pages-dir-browser)/../../node_modules/.pnpm/next@15.5.15_@playwright+test@1.59.1_react-dom@19.2.5_react@19.2.5__react@19.2.5/node_modules/next/dist/client/dev/hot-reloader/pages/websocket.js:88
[  178163ms] [ERROR] WebSocket connection to 'ws://localhost:3000/_next/webpack-hmr' failed: Error in connection establishment: net::ERR_CONNECTION_REFUSED @ webpack-internal:///(pages-dir-browser)/../../node_modules/.pnpm/next@15.5.15_@playwright+test@1.59.1_react-dom@19.2.5_react@19.2.5__react@19.2.5/node_modules/next/dist/client/dev/hot-reloader/pages/websocket.js:88
[  179166ms] [ERROR] WebSocket connection to 'ws://localhost:3000/_next/webpack-hmr' failed: Error in connection establishment: net::ERR_CONNECTION_REFUSED @ webpack-internal:///(pages-dir-browser)/../../node_modules/.pnpm/next@15.5.15_@playwright+test@1.59.1_react-dom@19.2.5_react@19.2.5__react@19.2.5/node_modules/next/dist/client/dev/hot-reloader/pages/websocket.js:88
[  180167ms] [ERROR] WebSocket connection to 'ws://localhost:3000/_next/webpack-hmr' failed: Error in connection establishment: net::ERR_CONNECTION_REFUSED @ webpack-internal:///(pages-dir-browser)/../../node_modules/.pnpm/next@15.5.15_@playwright+test@1.59.1_react-dom@19.2.5_react@19.2.5__react@19.2.5/node_modules/next/dist/client/dev/hot-reloader/pages/websocket.js:88
[  181170ms] [ERROR] WebSocket connection to 'ws://localhost:3000/_next/webpack-hmr' failed: Error in connection establishment: net::ERR_CONNECTION_REFUSED @ webpack-internal:///(pages-dir-browser)/../../node_modules/.pnpm/next@15.5.15_@playwright+test@1.59.1_react-dom@19.2.5_react@19.2.5__react@19.2.5/node_modules/next/dist/client/dev/hot-reloader/pages/websocket.js:88
[  186175ms] [ERROR] WebSocket connection to 'ws://localhost:3000/_next/webpack-hmr' failed: Error in connection establishment: net::ERR_CONNECTION_REFUSED @ webpack-internal:///(pages-dir-browser)/../../node_modules/.pnpm/next@15.5.15_@playwright+test@1.59.1_react-dom@19.2.5_react@19.2.5__react@19.2.5/node_modules/next/dist/client/dev/hot-reloader/pages/websocket.js:88
[  191191ms] [ERROR] WebSocket connection to 'ws://localhost:3000/_next/webpack-hmr' failed: Error in connection establishment: net::ERR_CONNECTION_REFUSED @ webpack-internal:///(pages-dir-browser)/../../node_modules/.pnpm/next@15.5.15_@playwright+test@1.59.1_react-dom@19.2.5_react@19.2.5__react@19.2.5/node_modules/next/dist/client/dev/hot-reloader/pages/websocket.js:88
[  196198ms] [ERROR] WebSocket connection to 'ws://localhost:3000/_next/webpack-hmr' failed: Error in connection establishment: net::ERR_CONNECTION_REFUSED @ webpack-internal:///(pages-dir-browser)/../../node_modules/.pnpm/next@15.5.15_@playwright+test@1.59.1_react-dom@19.2.5_react@19.2.5__react@19.2.5/node_modules/next/dist/client/dev/hot-reloader/pages/websocket.js:88
[  201201ms] [ERROR] WebSocket connection to 'ws://localhost:3000/_next/webpack-hmr' failed: Error in connection establishment: net::ERR_CONNECTION_REFUSED @ webpack-internal:///(pages-dir-browser)/../../node_modules/.pnpm/next@15.5.15_@playwright+test@1.59.1_react-dom@19.2.5_react@19.2.5__react@19.2.5/node_modules/next/dist/client/dev/hot-reloader/pages/websocket.js:88
[  206204ms] [ERROR] WebSocket connection to 'ws://localhost:3000/_next/webpack-hmr' failed: Error in connection establishment: net::ERR_CONNECTION_REFUSED @ webpack-internal:///(pages-dir-browser)/../../node_modules/.pnpm/next@15.5.15_@playwright+test@1.59.1_react-dom@19.2.5_react@19.2.5__react@19.2.5/node_modules/next/dist/client/dev/hot-reloader/pages/websocket.js:88
[  211209ms] [ERROR] WebSocket connection to 'ws://localhost:3000/_next/webpack-hmr' failed: Error in connection establishment: net::ERR_CONNECTION_REFUSED @ webpack-internal:///(pages-dir-browser)/../../node_modules/.pnpm/next@15.5.15_@playwright+test@1.59.1_react-dom@19.2.5_react@19.2.5__react@19.2.5/node_modules/next/dist/client/dev/hot-reloader/pages/websocket.js:88
[  216218ms] [ERROR] WebSocket connection to 'ws://localhost:3000/_next/webpack-hmr' failed: Error in connection establishment: net::ERR_CONNECTION_REFUSED @ webpack-internal:///(pages-dir-browser)/../../node_modules/.pnpm/next@15.5.15_@playwright+test@1.59.1_react-dom@19.2.5_react@19.2.5__react@19.2.5/node_modules/next/dist/client/dev/hot-reloader/pages/websocket.js:88
[  221225ms] [ERROR] WebSocket connection to 'ws://localhost:3000/_next/webpack-hmr' failed: Error in connection establishment: net::ERR_CONNECTION_REFUSED @ webpack-internal:///(pages-dir-browser)/../../node_modules/.pnpm/next@15.5.15_@playwright+test@1.59.1_react-dom@19.2.5_react@19.2.5__react@19.2.5/node_modules/next/dist/client/dev/hot-reloader/pages/websocket.js:88
[  226240ms] [ERROR] WebSocket connection to 'ws://localhost:3000/_next/webpack-hmr' failed: Error in connection establishment: net::ERR_CONNECTION_REFUSED @ webpack-internal:///(pages-dir-browser)/../../node_modules/.pnpm/next@15.5.15_@playwright+test@1.59.1_react-dom@19.2.5_react@19.2.5__react@19.2.5/node_modules/next/dist/client/dev/hot-reloader/pages/websocket.js:88
[  231280ms] [ERROR] WebSocket connection to 'ws://localhost:3000/_next/webpack-hmr' failed: Error in connection establishment: net::ERR_CONNECTION_REFUSED @ webpack-internal:///(pages-dir-browser)/../../node_modules/.pnpm/next@15.5.15_@playwright+test@1.59.1_react-dom@19.2.5_react@19.2.5__react@19.2.5/node_modules/next/dist/client/dev/hot-reloader/pages/websocket.js:88
[  236346ms] [ERROR] WebSocket connection to 'ws://localhost:3000/_next/webpack-hmr' failed: Error in connection establishment: net::ERR_CONNECTION_REFUSED @ webpack-internal:///(pages-dir-browser)/../../node_modules/.pnpm/next@15.5.15_@playwright+test@1.59.1_react-dom@19.2.5_react@19.2.5__react@19.2.5/node_modules/next/dist/client/dev/hot-reloader/pages/websocket.js:88
[  241483ms] [ERROR] WebSocket connection to 'ws://localhost:3000/_next/webpack-hmr' failed: Error in connection establishment: net::ERR_CONNECTION_REFUSED @ webpack-internal:///(pages-dir-browser)/../../node_modules/.pnpm/next@15.5.15_@playwright+test@1.59.1_react-dom@19.2.5_react@19.2.5__react@19.2.5/node_modules/next/dist/client/dev/hot-reloader/pages/websocket.js:88
[  246659ms] [ERROR] WebSocket connection to 'ws://localhost:3000/_next/webpack-hmr' failed: Error in connection establishment: net::ERR_CONNECTION_REFUSED @ webpack-internal:///(pages-dir-browser)/../../node_modules/.pnpm/next@15.5.15_@playwright+test@1.59.1_react-dom@19.2.5_react@19.2.5__react@19.2.5/node_modules/next/dist/client/dev/hot-reloader/pages/websocket.js:88
[  252171ms] [ERROR] WebSocket connection to 'ws://localhost:3000/_next/webpack-hmr' failed: Error in connection establishment: net::ERR_CONNECTION_REFUSED @ webpack-internal:///(pages-dir-browser)/../../node_modules/.pnpm/next@15.5.15_@playwright+test@1.59.1_react-dom@19.2.5_react@19.2.5__react@19.2.5/node_modules/next/dist/client/dev/hot-reloader/pages/websocket.js:88
[  257581ms] [ERROR] WebSocket connection to 'ws://localhost:3000/_next/webpack-hmr' failed: Error in connection establishment: net::ERR_CONNECTION_REFUSED @ webpack-internal:///(pages-dir-browser)/../../node_modules/.pnpm/next@15.5.15_@playwright+test@1.59.1_react-dom@19.2.5_react@19.2.5__react@19.2.5/node_modules/next/dist/client/dev/hot-reloader/pages/websocket.js:88
[  263577ms] [ERROR] WebSocket connection to 'ws://localhost:3000/_next/webpack-hmr' failed: Error in connection establishment: net::ERR_CONNECTION_REFUSED @ webpack-internal:///(pages-dir-browser)/../../node_modules/.pnpm/next@15.5.15_@playwright+test@1.59.1_react-dom@19.2.5_react@19.2.5__react@19.2.5/node_modules/next/dist/client/dev/hot-reloader/pages/websocket.js:88
[  271327ms] [ERROR] WebSocket connection to 'ws://localhost:3000/_next/webpack-hmr' failed: Error in connection establishment: net::ERR_CONNECTION_REFUSED @ webpack-internal:///(pages-dir-browser)/../../node_modules/.pnpm/next@15.5.15_@playwright+test@1.59.1_react-dom@19.2.5_react@19.2.5__react@19.2.5/node_modules/next/dist/client/dev/hot-reloader/pages/websocket.js:88
[  277505ms] [ERROR] WebSocket connection to 'ws://localhost:3000/_next/webpack-hmr' failed: Error in connection establishment: net::ERR_CONNECTION_REFUSED @ webpack-internal:///(pages-dir-browser)/../../node_modules/.pnpm/next@15.5.15_@playwright+test@1.59.1_react-dom@19.2.5_react@19.2.5__react@19.2.5/node_modules/next/dist/client/dev/hot-reloader/pages/websocket.js:88
[  286537ms] [ERROR] WebSocket connection to 'ws://localhost:3000/_next/webpack-hmr' failed: Error in connection establishment: net::ERR_CONNECTION_REFUSED @ webpack-internal:///(pages-dir-browser)/../../node_modules/.pnpm/next@15.5.15_@playwright+test@1.59.1_react-dom@19.2.5_react@19.2.5__react@19.2.5/node_modules/next/dist/client/dev/hot-reloader/pages/websocket.js:88
[  295010ms] [ERROR] WebSocket connection to 'ws://localhost:3000/_next/webpack-hmr' failed: Error in connection establishment: net::ERR_CONNECTION_REFUSED @ webpack-internal:///(pages-dir-browser)/../../node_modules/.pnpm/next@15.5.15_@playwright+test@1.59.1_react-dom@19.2.5_react@19.2.5__react@19.2.5/node_modules/next/dist/client/dev/hot-reloader/pages/websocket.js:88
